level : error: Aug-02-2023 16:28:26: 	employee validation failed: empTechnologies: Path `empTechnologies` is required.
level : error: Aug-02-2023 16:28:26: 	employee validation failed: empTechnologies: Path `empTechnologies` is required.
level : info: Aug-02-2023 16:28:53: 	Employee registered successfully
level : error: Aug-02-2023 16:37:24: 	Employee is not registered with this email
level : error: Aug-02-2023 16:37:24: 	Employee is not registered with this email
level : error: Aug-02-2023 16:38:45: 	Employee is not registered with this email
level : error: Aug-02-2023 16:38:45: 	Employee is not registered with this email
level : error: Aug-02-2023 16:38:52: 	Employee already registered with this email.
level : error: Aug-02-2023 16:38:52: 	Employee already registered with this email.
level : error: Aug-02-2023 16:39:04: 	secretOrPrivateKey must have a value
level : error: Aug-02-2023 16:39:04: 	secretOrPrivateKey must have a value
level : error: Aug-02-2023 16:40:02: 	secretOrPrivateKey must have a value
level : error: Aug-02-2023 16:40:02: 	secretOrPrivateKey must have a value
level : error: Aug-02-2023 16:40:16: 	secretOrPrivateKey must have a value
level : error: Aug-02-2023 16:40:16: 	secretOrPrivateKey must have a value
level : error: Aug-02-2023 16:40:37: 	secretOrPrivateKey must have a value
level : error: Aug-02-2023 16:40:37: 	secretOrPrivateKey must have a value
level : error: Aug-02-2023 16:41:31: 	secretOrPrivateKey must have a value
level : error: Aug-02-2023 16:41:31: 	secretOrPrivateKey must have a value
level : info: Aug-02-2023 16:42:34: 	Login successfully
level : info: Aug-02-2023 16:46:29: 	Employee registered successfully
level : info: Aug-02-2023 16:48:25: 	Employee registered successfully
level : error: Aug-02-2023 16:49:57: 	Employee already registered with this email.
level : error: Aug-02-2023 16:49:57: 	Employee already registered with this email.
level : info: Aug-02-2023 16:50:03: 	Employee registered successfully
level : info: Aug-02-2023 18:18:31: 	Employee registered successfully
level : info: Aug-02-2023 18:18:47: 	Employee registered successfully
level : error: Aug-02-2023 18:27:41: 	authService is not defined
level : error: Aug-02-2023 18:27:41: 	authService is not defined
level : error: Aug-02-2023 18:29:18: 	Employee already registered with this email.
level : error: Aug-02-2023 18:29:18: 	Employee already registered with this email.
level : info: Aug-02-2023 18:29:24: 	Employee registered successfully
level : error: Aug-03-2023 01:55:47: 	bcrypt is not defined
level : error: Aug-03-2023 01:55:47: 	bcrypt is not defined
level : error: Aug-03-2023 02:00:38: 	bcrypt is not defined
level : error: Aug-03-2023 02:00:38: 	bcrypt is not defined
level : error: Aug-03-2023 02:15:58: 	bcrypt is not defined
level : error: Aug-03-2023 02:15:58: 	bcrypt is not defined
level : error: Aug-03-2023 02:18:21: 	data and hash arguments required
level : error: Aug-03-2023 02:18:21: 	data and hash arguments required
level : error: Aug-03-2023 02:19:09: 	data and hash arguments required
level : error: Aug-03-2023 02:19:09: 	data and hash arguments required
level : error: Aug-03-2023 02:19:37: 	data and hash arguments required
level : error: Aug-03-2023 02:19:37: 	data and hash arguments required
level : error: Aug-03-2023 02:23:00: 	data and hash arguments required
level : error: Aug-03-2023 02:23:00: 	data and hash arguments required
level : error: Aug-03-2023 12:12:03: 	data and hash arguments required
level : error: Aug-03-2023 12:12:03: 	data and hash arguments required
level : error: Aug-03-2023 12:13:53: 	data and hash arguments required
level : error: Aug-03-2023 12:13:53: 	data and hash arguments required
level : error: Aug-03-2023 12:15:27: 	data and hash arguments required
level : error: Aug-03-2023 12:15:27: 	data and hash arguments required
level : error: Aug-03-2023 12:26:45: 	data and hash arguments required
level : error: Aug-03-2023 12:26:45: 	data and hash arguments required
level : error: Aug-03-2023 12:26:46: 	data and hash arguments required
level : error: Aug-03-2023 12:26:46: 	data and hash arguments required
level : error: Aug-03-2023 12:26:47: 	data and hash arguments required
level : error: Aug-03-2023 12:26:47: 	data and hash arguments required
level : error: Aug-03-2023 12:26:47: 	data and hash arguments required
level : error: Aug-03-2023 12:26:47: 	data and hash arguments required
level : error: Aug-03-2023 12:26:49: 	data and hash arguments required
level : error: Aug-03-2023 12:26:49: 	data and hash arguments required
level : error: Aug-03-2023 13:18:42: 	Employee already registered with this email.
level : error: Aug-03-2023 13:18:42: 	Employee already registered with this email.
level : info: Aug-03-2023 13:18:49: 	Employee registered successfully
level : error: Aug-03-2023 17:54:56: 	Employee already registered with this email.
level : error: Aug-03-2023 17:54:56: 	Employee already registered with this email.
level : error: Aug-03-2023 17:55:17: 	Employee already registered with this email.
level : error: Aug-03-2023 17:55:17: 	Employee already registered with this email.
level : info: Aug-03-2023 17:55:59: 	Employee registered successfully
level : error: Aug-03-2023 17:57:26: 	data and hash arguments required
level : error: Aug-03-2023 17:57:26: 	data and hash arguments required
level : info: Aug-03-2023 18:01:21: 	Login successfully
level : info: Aug-03-2023 18:27:42: 	Employee registered successfully
level : info: Aug-03-2023 20:18:27: 	Email Send Successfully
level : info: Aug-03-2023 20:20:19: 	Email Send Successfully
level : info: Aug-03-2023 20:23:43: 	Email Send Successfully
